<?xml version="1.0" encoding="UTF-8"?>
<!-- Generated by org.testng.reporters.JUnitReportReporter -->
<testsuite hostname="TYSS-Amar" failures="0" tests="1" name="Boday_Sebd_Using_Map" time="9.616" errors="0" timestamp="2025-01-04T12:45:35 IST" skipped="0">
  <testcase classname="Boday_Sebd_Using_Map" name="addBook" time="9.616"/>
</testsuite> <!-- Boday_Sebd_Using_Map -->
