<?xml version="1.0" encoding="UTF-8"?>
<!-- Generated by org.testng.reporters.JUnitReportReporter -->
<testsuite hostname="TYSS-Amar" failures="0" tests="1" name="Ecommerce.Login" time="4.707" errors="0" timestamp="2025-04-27T14:47:31 IST" skipped="0">
  <testcase classname="Ecommerce.Login" name="LoginTest" time="4.707"/>
</testsuite> <!-- Ecommerce.Login -->
