<?xml version="1.0" encoding="UTF-8"?>
<!-- Generated by org.testng.reporters.JUnitReportReporter -->
<testsuite hostname="TYSS-Amar" failures="0" tests="1" name="Lib_AddBook_API.AddBook" time="1.600" errors="0" timestamp="2025-05-02T11:52:11 IST" skipped="0">
  <testcase classname="Lib_AddBook_API.AddBook" name="MethodA" time="1.600"/>
</testsuite> <!-- Lib_AddBook_API.AddBook -->
